<?xml version="1.0" encoding="UTF-8"?>
<!-- Generated by org.testng.reporters.JUnitXMLReporter -->
<testsuite ignored="0" hostname="JATIN" failures="0" tests="3" name="Default test" time="9.387" errors="0" timestamp="2025-05-18T10:57:30 EDT">
  <testcase classname="alertAssignments.HerokuppAlertAssignmentMay14" name="AlertJsAlert" time="3.745"/>
  <testcase classname="alertAssignments.HerokuppAlertAssignmentMay14" name="JSConfirm" time="3.154"/>
  <testcase classname="alertAssignments.HerokuppAlertAssignmentMay14" name="JSPrompt" time="2.424"/>
</testsuite> <!-- Default test -->
