<?xml version="1.0" encoding="UTF-8"?>
<testng-results ignored="0" total="3" passed="3" failed="0" skipped="0">
  <reporter-output>
  </reporter-output>
  <suite started-at="2025-05-18T10:57:20 EDT" name="Default suite" finished-at="2025-05-18T10:57:30 EDT" duration-ms="9387">
    <groups>
    </groups>
    <test started-at="2025-05-18T10:57:20 EDT" name="Default test" finished-at="2025-05-18T10:57:30 EDT" duration-ms="9387">
      <class name="alertAssignments.HerokuppAlertAssignmentMay14">
        <test-method signature="AlertJsAlert()[pri:0, instance:alertAssignments.HerokuppAlertAssignmentMay14@7f0eb4b4]" started-at="2025-05-18T10:57:21 EDT" name="AlertJsAlert" finished-at="2025-05-18T10:57:24 EDT" duration-ms="3745" status="PASS">
          <reporter-output>
          </reporter-output>
        </test-method> <!-- AlertJsAlert -->
        <test-method signature="JSConfirm()[pri:0, instance:alertAssignments.HerokuppAlertAssignmentMay14@7f0eb4b4]" started-at="2025-05-18T10:57:24 EDT" name="JSConfirm" finished-at="2025-05-18T10:57:27 EDT" duration-ms="3154" status="PASS">
          <reporter-output>
          </reporter-output>
        </test-method> <!-- JSConfirm -->
        <test-method signature="JSPrompt()[pri:0, instance:alertAssignments.HerokuppAlertAssignmentMay14@7f0eb4b4]" started-at="2025-05-18T10:57:27 EDT" name="JSPrompt" finished-at="2025-05-18T10:57:30 EDT" duration-ms="2424" status="PASS">
          <reporter-output>
          </reporter-output>
        </test-method> <!-- JSPrompt -->
      </class> <!-- alertAssignments.HerokuppAlertAssignmentMay14 -->
    </test> <!-- Default test -->
  </suite> <!-- Default suite -->
</testng-results>
